<?xml version="1.0" encoding="UTF-8"?>
<testng-results skipped="0" failed="0" ignored="0" total="1" passed="1">
  <reporter-output>
  </reporter-output>
  <suite name="Default suite" duration-ms="7769" started-at="2022-08-01T00:18:59 CDT" finished-at="2022-08-01T00:19:07 CDT">
    <groups>
    </groups>
    <test name="Default test" duration-ms="7769" started-at="2022-08-01T00:18:59 CDT" finished-at="2022-08-01T00:19:07 CDT">
      <class name="test.MonthTest">
        <test-method status="PASS" signature="test()[pri:0, instance:test.MonthTest@15d0c81b]" name="test" duration-ms="7737" started-at="2022-08-01T00:18:59 CDT" finished-at="2022-08-01T00:19:07 CDT">
          <reporter-output>
          </reporter-output>
        </test-method> <!-- test -->
      </class> <!-- test.MonthTest -->
    </test> <!-- Default test -->
  </suite> <!-- Default suite -->
</testng-results>
